02-Nov-2017 19:11:53.615 INFO [main] org.apache.catalina.startup.VersionLoggerListener.log Server version:        Apache Tomcat/8.5.23
02-Nov-2017 19:11:53.615 INFO [main] org.apache.catalina.startup.VersionLoggerListener.log Server built:          Sep 28 2017 10:30:11 UTC
02-Nov-2017 19:11:53.615 INFO [main] org.apache.catalina.startup.VersionLoggerListener.log Server number:         8.5.23.0
02-Nov-2017 19:11:53.615 INFO [main] org.apache.catalina.startup.VersionLoggerListener.log OS Name:               Windows 10
02-Nov-2017 19:11:53.615 INFO [main] org.apache.catalina.startup.VersionLoggerListener.log OS Version:            10.0
02-Nov-2017 19:11:53.615 INFO [main] org.apache.catalina.startup.VersionLoggerListener.log Architecture:          amd64
02-Nov-2017 19:11:53.615 INFO [main] org.apache.catalina.startup.VersionLoggerListener.log Java Home:             C:\Program Files\Java\jdk1.8.0_144\jre
02-Nov-2017 19:11:53.615 INFO [main] org.apache.catalina.startup.VersionLoggerListener.log JVM Version:           1.8.0_144-b01
02-Nov-2017 19:11:53.615 INFO [main] org.apache.catalina.startup.VersionLoggerListener.log JVM Vendor:            Oracle Corporation
02-Nov-2017 19:11:53.615 INFO [main] org.apache.catalina.startup.VersionLoggerListener.log CATALINA_BASE:         C:\coding\Academy\packages\libraries repo\apache-tomcat-8.5.23
02-Nov-2017 19:11:53.615 INFO [main] org.apache.catalina.startup.VersionLoggerListener.log CATALINA_HOME:         C:\coding\Academy\packages\libraries repo\apache-tomcat-8.5.23
02-Nov-2017 19:11:53.615 INFO [main] org.apache.catalina.startup.VersionLoggerListener.log Command line argument: -Djava.util.logging.config.file=C:\coding\Academy\packages\libraries repo\apache-tomcat-8.5.23\conf\logging.properties
02-Nov-2017 19:11:53.615 INFO [main] org.apache.catalina.startup.VersionLoggerListener.log Command line argument: -Djava.util.logging.manager=org.apache.juli.ClassLoaderLogManager
02-Nov-2017 19:11:53.615 INFO [main] org.apache.catalina.startup.VersionLoggerListener.log Command line argument: -Djdk.tls.ephemeralDHKeySize=2048
02-Nov-2017 19:11:53.615 INFO [main] org.apache.catalina.startup.VersionLoggerListener.log Command line argument: -Djava.protocol.handler.pkgs=org.apache.catalina.webresources
02-Nov-2017 19:11:53.615 INFO [main] org.apache.catalina.startup.VersionLoggerListener.log Command line argument: -Dcatalina.base=C:\coding\Academy\packages\libraries repo\apache-tomcat-8.5.23
02-Nov-2017 19:11:53.615 INFO [main] org.apache.catalina.startup.VersionLoggerListener.log Command line argument: -Dcatalina.home=C:\coding\Academy\packages\libraries repo\apache-tomcat-8.5.23
02-Nov-2017 19:11:53.615 INFO [main] org.apache.catalina.startup.VersionLoggerListener.log Command line argument: -Djava.io.tmpdir=C:\coding\Academy\packages\libraries repo\apache-tomcat-8.5.23\temp
02-Nov-2017 19:11:53.615 INFO [main] org.apache.catalina.core.AprLifecycleListener.lifecycleEvent Loaded APR based Apache Tomcat Native library [1.2.14] using APR version [1.6.2].
02-Nov-2017 19:11:53.615 INFO [main] org.apache.catalina.core.AprLifecycleListener.lifecycleEvent APR capabilities: IPv6 [true], sendfile [true], accept filters [false], random [true].
02-Nov-2017 19:11:53.615 INFO [main] org.apache.catalina.core.AprLifecycleListener.lifecycleEvent APR/OpenSSL configuration: useAprConnector [false], useOpenSSL [true]
02-Nov-2017 19:11:54.266 INFO [main] org.apache.catalina.core.AprLifecycleListener.initializeSSL OpenSSL successfully initialized [OpenSSL 1.0.2l  25 May 2017]
02-Nov-2017 19:11:54.391 INFO [main] org.apache.coyote.AbstractProtocol.init Initializing ProtocolHandler ["http-nio-8080"]
02-Nov-2017 19:11:54.532 INFO [main] org.apache.tomcat.util.net.NioSelectorPool.getSharedSelector Using a shared selector for servlet write/read
02-Nov-2017 19:11:54.547 INFO [main] org.apache.coyote.AbstractProtocol.init Initializing ProtocolHandler ["ajp-nio-8009"]
02-Nov-2017 19:11:54.547 INFO [main] org.apache.tomcat.util.net.NioSelectorPool.getSharedSelector Using a shared selector for servlet write/read
02-Nov-2017 19:11:54.547 INFO [main] org.apache.catalina.startup.Catalina.load Initialization processed in 1323 ms
02-Nov-2017 19:11:54.579 INFO [main] org.apache.catalina.core.StandardService.startInternal Starting service [Catalina]
02-Nov-2017 19:11:54.579 INFO [main] org.apache.catalina.core.StandardEngine.startInternal Starting Servlet Engine: Apache Tomcat/8.5.23
02-Nov-2017 19:11:54.594 INFO [localhost-startStop-1] org.apache.catalina.startup.HostConfig.deployDirectory Deploying web application directory [C:\coding\Academy\packages\libraries repo\apache-tomcat-8.5.23\webapps\docs]
02-Nov-2017 19:11:54.923 INFO [localhost-startStop-1] org.apache.catalina.startup.HostConfig.deployDirectory Deployment of web application directory [C:\coding\Academy\packages\libraries repo\apache-tomcat-8.5.23\webapps\docs] has finished in [329] ms
02-Nov-2017 19:11:54.923 INFO [localhost-startStop-1] org.apache.catalina.startup.HostConfig.deployDirectory Deploying web application directory [C:\coding\Academy\packages\libraries repo\apache-tomcat-8.5.23\webapps\examples]
02-Nov-2017 19:11:56.063 INFO [localhost-startStop-1] org.apache.catalina.startup.HostConfig.deployDirectory Deployment of web application directory [C:\coding\Academy\packages\libraries repo\apache-tomcat-8.5.23\webapps\examples] has finished in [1,140] ms
02-Nov-2017 19:11:56.063 INFO [localhost-startStop-1] org.apache.catalina.startup.HostConfig.deployDirectory Deploying web application directory [C:\coding\Academy\packages\libraries repo\apache-tomcat-8.5.23\webapps\host-manager]
02-Nov-2017 19:11:56.110 INFO [localhost-startStop-1] org.apache.catalina.startup.HostConfig.deployDirectory Deployment of web application directory [C:\coding\Academy\packages\libraries repo\apache-tomcat-8.5.23\webapps\host-manager] has finished in [47] ms
02-Nov-2017 19:11:56.110 INFO [localhost-startStop-1] org.apache.catalina.startup.HostConfig.deployDirectory Deploying web application directory [C:\coding\Academy\packages\libraries repo\apache-tomcat-8.5.23\webapps\manager]
02-Nov-2017 19:11:56.141 INFO [localhost-startStop-1] org.apache.catalina.startup.HostConfig.deployDirectory Deployment of web application directory [C:\coding\Academy\packages\libraries repo\apache-tomcat-8.5.23\webapps\manager] has finished in [31] ms
02-Nov-2017 19:11:56.141 INFO [localhost-startStop-1] org.apache.catalina.startup.HostConfig.deployDirectory Deploying web application directory [C:\coding\Academy\packages\libraries repo\apache-tomcat-8.5.23\webapps\ROOT]
02-Nov-2017 19:11:56.173 INFO [localhost-startStop-1] org.apache.catalina.startup.HostConfig.deployDirectory Deployment of web application directory [C:\coding\Academy\packages\libraries repo\apache-tomcat-8.5.23\webapps\ROOT] has finished in [32] ms
02-Nov-2017 19:11:56.173 INFO [main] org.apache.coyote.AbstractProtocol.start Starting ProtocolHandler ["http-nio-8080"]
02-Nov-2017 19:11:56.188 INFO [main] org.apache.coyote.AbstractProtocol.start Starting ProtocolHandler ["ajp-nio-8009"]
02-Nov-2017 19:11:56.188 INFO [main] org.apache.catalina.startup.Catalina.start Server startup in 1640 ms
02-Nov-2017 19:12:11.785 INFO [main] org.apache.catalina.core.StandardServer.await A valid shutdown command was received via the shutdown port. Stopping the Server instance.
02-Nov-2017 19:12:11.785 INFO [main] org.apache.coyote.AbstractProtocol.pause Pausing ProtocolHandler ["http-nio-8080"]
02-Nov-2017 19:12:11.895 INFO [main] org.apache.coyote.AbstractProtocol.pause Pausing ProtocolHandler ["ajp-nio-8009"]
02-Nov-2017 19:12:11.989 INFO [main] org.apache.catalina.core.StandardService.stopInternal Stopping service [Catalina]
02-Nov-2017 19:12:12.004 INFO [main] org.apache.coyote.AbstractProtocol.stop Stopping ProtocolHandler ["http-nio-8080"]
02-Nov-2017 19:12:12.004 INFO [main] org.apache.coyote.AbstractProtocol.stop Stopping ProtocolHandler ["ajp-nio-8009"]
02-Nov-2017 19:12:12.004 INFO [main] org.apache.coyote.AbstractProtocol.destroy Destroying ProtocolHandler ["http-nio-8080"]
02-Nov-2017 19:12:12.004 INFO [main] org.apache.coyote.AbstractProtocol.destroy Destroying ProtocolHandler ["ajp-nio-8009"]
