01-Nov-2017 12:57:32.098 INFO [main] org.apache.catalina.startup.VersionLoggerListener.log Server version:        Apache Tomcat/8.5.23
01-Nov-2017 12:57:32.100 INFO [main] org.apache.catalina.startup.VersionLoggerListener.log Server built:          Sep 28 2017 10:30:11 UTC
01-Nov-2017 12:57:32.100 INFO [main] org.apache.catalina.startup.VersionLoggerListener.log Server number:         8.5.23.0
01-Nov-2017 12:57:32.100 INFO [main] org.apache.catalina.startup.VersionLoggerListener.log OS Name:               Windows 10
01-Nov-2017 12:57:32.101 INFO [main] org.apache.catalina.startup.VersionLoggerListener.log OS Version:            10.0
01-Nov-2017 12:57:32.101 INFO [main] org.apache.catalina.startup.VersionLoggerListener.log Architecture:          amd64
01-Nov-2017 12:57:32.101 INFO [main] org.apache.catalina.startup.VersionLoggerListener.log Java Home:             C:\Program Files\Java\jdk1.8.0_121\jre
01-Nov-2017 12:57:32.101 INFO [main] org.apache.catalina.startup.VersionLoggerListener.log JVM Version:           1.8.0_121-b13
01-Nov-2017 12:57:32.102 INFO [main] org.apache.catalina.startup.VersionLoggerListener.log JVM Vendor:            Oracle Corporation
01-Nov-2017 12:57:32.102 INFO [main] org.apache.catalina.startup.VersionLoggerListener.log CATALINA_BASE:         C:\Data\coding\Academy\codes\libraries repo\apache-tomcat-8.5.23
01-Nov-2017 12:57:32.102 INFO [main] org.apache.catalina.startup.VersionLoggerListener.log CATALINA_HOME:         C:\Data\coding\Academy\codes\libraries repo\apache-tomcat-8.5.23
01-Nov-2017 12:57:32.102 INFO [main] org.apache.catalina.startup.VersionLoggerListener.log Command line argument: -Djava.util.logging.config.file=C:\Data\coding\Academy\codes\libraries repo\apache-tomcat-8.5.23\conf\logging.properties
01-Nov-2017 12:57:32.102 INFO [main] org.apache.catalina.startup.VersionLoggerListener.log Command line argument: -Djava.util.logging.manager=org.apache.juli.ClassLoaderLogManager
01-Nov-2017 12:57:32.102 INFO [main] org.apache.catalina.startup.VersionLoggerListener.log Command line argument: -Djdk.tls.ephemeralDHKeySize=2048
01-Nov-2017 12:57:32.102 INFO [main] org.apache.catalina.startup.VersionLoggerListener.log Command line argument: -Djava.protocol.handler.pkgs=org.apache.catalina.webresources
01-Nov-2017 12:57:32.102 INFO [main] org.apache.catalina.startup.VersionLoggerListener.log Command line argument: -Dcatalina.base=C:\Data\coding\Academy\codes\libraries repo\apache-tomcat-8.5.23
01-Nov-2017 12:57:32.103 INFO [main] org.apache.catalina.startup.VersionLoggerListener.log Command line argument: -Dcatalina.home=C:\Data\coding\Academy\codes\libraries repo\apache-tomcat-8.5.23
01-Nov-2017 12:57:32.103 INFO [main] org.apache.catalina.startup.VersionLoggerListener.log Command line argument: -Djava.io.tmpdir=C:\Data\coding\Academy\codes\libraries repo\apache-tomcat-8.5.23\temp
01-Nov-2017 12:57:32.103 INFO [main] org.apache.catalina.core.AprLifecycleListener.lifecycleEvent Loaded APR based Apache Tomcat Native library [1.2.14] using APR version [1.6.2].
01-Nov-2017 12:57:32.103 INFO [main] org.apache.catalina.core.AprLifecycleListener.lifecycleEvent APR capabilities: IPv6 [true], sendfile [true], accept filters [false], random [true].
01-Nov-2017 12:57:32.104 INFO [main] org.apache.catalina.core.AprLifecycleListener.lifecycleEvent APR/OpenSSL configuration: useAprConnector [false], useOpenSSL [true]
01-Nov-2017 12:57:32.639 INFO [main] org.apache.catalina.core.AprLifecycleListener.initializeSSL OpenSSL successfully initialized [OpenSSL 1.0.2l  25 May 2017]
01-Nov-2017 12:57:32.773 INFO [main] org.apache.coyote.AbstractProtocol.init Initializing ProtocolHandler ["http-nio-8080"]
01-Nov-2017 12:57:32.886 INFO [main] org.apache.tomcat.util.net.NioSelectorPool.getSharedSelector Using a shared selector for servlet write/read
01-Nov-2017 12:57:32.889 INFO [main] org.apache.coyote.AbstractProtocol.init Initializing ProtocolHandler ["ajp-nio-8009"]
01-Nov-2017 12:57:32.891 INFO [main] org.apache.tomcat.util.net.NioSelectorPool.getSharedSelector Using a shared selector for servlet write/read
01-Nov-2017 12:57:32.891 INFO [main] org.apache.catalina.startup.Catalina.load Initialization processed in 1058 ms
01-Nov-2017 12:57:32.935 INFO [main] org.apache.catalina.core.StandardService.startInternal Starting service [Catalina]
01-Nov-2017 12:57:32.935 INFO [main] org.apache.catalina.core.StandardEngine.startInternal Starting Servlet Engine: Apache Tomcat/8.5.23
01-Nov-2017 12:57:32.945 INFO [localhost-startStop-1] org.apache.catalina.startup.HostConfig.deployDirectory Deploying web application directory [C:\Data\coding\Academy\codes\libraries repo\apache-tomcat-8.5.23\webapps\docs]
01-Nov-2017 12:57:33.168 INFO [localhost-startStop-1] org.apache.catalina.startup.HostConfig.deployDirectory Deployment of web application directory [C:\Data\coding\Academy\codes\libraries repo\apache-tomcat-8.5.23\webapps\docs] has finished in [223] ms
01-Nov-2017 12:57:33.169 INFO [localhost-startStop-1] org.apache.catalina.startup.HostConfig.deployDirectory Deploying web application directory [C:\Data\coding\Academy\codes\libraries repo\apache-tomcat-8.5.23\webapps\examples]
01-Nov-2017 12:57:33.425 INFO [localhost-startStop-1] org.apache.catalina.startup.HostConfig.deployDirectory Deployment of web application directory [C:\Data\coding\Academy\codes\libraries repo\apache-tomcat-8.5.23\webapps\examples] has finished in [257] ms
01-Nov-2017 12:57:33.426 INFO [localhost-startStop-1] org.apache.catalina.startup.HostConfig.deployDirectory Deploying web application directory [C:\Data\coding\Academy\codes\libraries repo\apache-tomcat-8.5.23\webapps\host-manager]
01-Nov-2017 12:57:33.451 INFO [localhost-startStop-1] org.apache.catalina.startup.HostConfig.deployDirectory Deployment of web application directory [C:\Data\coding\Academy\codes\libraries repo\apache-tomcat-8.5.23\webapps\host-manager] has finished in [26] ms
01-Nov-2017 12:57:33.452 INFO [localhost-startStop-1] org.apache.catalina.startup.HostConfig.deployDirectory Deploying web application directory [C:\Data\coding\Academy\codes\libraries repo\apache-tomcat-8.5.23\webapps\manager]
01-Nov-2017 12:57:33.476 INFO [localhost-startStop-1] org.apache.catalina.startup.HostConfig.deployDirectory Deployment of web application directory [C:\Data\coding\Academy\codes\libraries repo\apache-tomcat-8.5.23\webapps\manager] has finished in [24] ms
01-Nov-2017 12:57:33.476 INFO [localhost-startStop-1] org.apache.catalina.startup.HostConfig.deployDirectory Deploying web application directory [C:\Data\coding\Academy\codes\libraries repo\apache-tomcat-8.5.23\webapps\ROOT]
01-Nov-2017 12:57:33.497 INFO [localhost-startStop-1] org.apache.catalina.startup.HostConfig.deployDirectory Deployment of web application directory [C:\Data\coding\Academy\codes\libraries repo\apache-tomcat-8.5.23\webapps\ROOT] has finished in [21] ms
01-Nov-2017 12:57:33.499 INFO [main] org.apache.coyote.AbstractProtocol.start Starting ProtocolHandler ["http-nio-8080"]
01-Nov-2017 12:57:33.507 INFO [main] org.apache.coyote.AbstractProtocol.start Starting ProtocolHandler ["ajp-nio-8009"]
01-Nov-2017 12:57:33.509 INFO [main] org.apache.catalina.startup.Catalina.start Server startup in 617 ms
01-Nov-2017 12:59:22.490 INFO [main] org.apache.catalina.core.StandardServer.await A valid shutdown command was received via the shutdown port. Stopping the Server instance.
01-Nov-2017 12:59:22.491 INFO [main] org.apache.coyote.AbstractProtocol.pause Pausing ProtocolHandler ["http-nio-8080"]
01-Nov-2017 12:59:22.552 INFO [main] org.apache.coyote.AbstractProtocol.pause Pausing ProtocolHandler ["ajp-nio-8009"]
01-Nov-2017 12:59:22.611 INFO [main] org.apache.catalina.core.StandardService.stopInternal Stopping service [Catalina]
01-Nov-2017 12:59:22.674 INFO [main] org.apache.coyote.AbstractProtocol.stop Stopping ProtocolHandler ["http-nio-8080"]
01-Nov-2017 12:59:22.675 INFO [main] org.apache.coyote.AbstractProtocol.stop Stopping ProtocolHandler ["ajp-nio-8009"]
01-Nov-2017 12:59:22.677 INFO [main] org.apache.coyote.AbstractProtocol.destroy Destroying ProtocolHandler ["http-nio-8080"]
01-Nov-2017 12:59:22.678 INFO [main] org.apache.coyote.AbstractProtocol.destroy Destroying ProtocolHandler ["ajp-nio-8009"]
01-Nov-2017 13:06:40.402 INFO [main] org.apache.catalina.startup.VersionLoggerListener.log Server version:        Apache Tomcat/8.5.23
01-Nov-2017 13:06:40.418 INFO [main] org.apache.catalina.startup.VersionLoggerListener.log Server built:          Sep 28 2017 10:30:11 UTC
01-Nov-2017 13:06:40.418 INFO [main] org.apache.catalina.startup.VersionLoggerListener.log Server number:         8.5.23.0
01-Nov-2017 13:06:40.418 INFO [main] org.apache.catalina.startup.VersionLoggerListener.log OS Name:               Windows 10
01-Nov-2017 13:06:40.418 INFO [main] org.apache.catalina.startup.VersionLoggerListener.log OS Version:            10.0
01-Nov-2017 13:06:40.418 INFO [main] org.apache.catalina.startup.VersionLoggerListener.log Architecture:          amd64
01-Nov-2017 13:06:40.418 INFO [main] org.apache.catalina.startup.VersionLoggerListener.log Java Home:             C:\Program Files\Java\jdk1.8.0_144\jre
01-Nov-2017 13:06:40.418 INFO [main] org.apache.catalina.startup.VersionLoggerListener.log JVM Version:           1.8.0_144-b01
01-Nov-2017 13:06:40.418 INFO [main] org.apache.catalina.startup.VersionLoggerListener.log JVM Vendor:            Oracle Corporation
01-Nov-2017 13:06:40.418 INFO [main] org.apache.catalina.startup.VersionLoggerListener.log CATALINA_BASE:         C:\coding\Academy\packages\libraries repo\apache-tomcat-8.5.23
01-Nov-2017 13:06:40.418 INFO [main] org.apache.catalina.startup.VersionLoggerListener.log CATALINA_HOME:         C:\coding\Academy\packages\libraries repo\apache-tomcat-8.5.23
01-Nov-2017 13:06:40.418 INFO [main] org.apache.catalina.startup.VersionLoggerListener.log Command line argument: -Djava.util.logging.config.file=C:\coding\Academy\packages\libraries repo\apache-tomcat-8.5.23\conf\logging.properties
01-Nov-2017 13:06:40.418 INFO [main] org.apache.catalina.startup.VersionLoggerListener.log Command line argument: -Djava.util.logging.manager=org.apache.juli.ClassLoaderLogManager
01-Nov-2017 13:06:40.418 INFO [main] org.apache.catalina.startup.VersionLoggerListener.log Command line argument: -Djdk.tls.ephemeralDHKeySize=2048
01-Nov-2017 13:06:40.418 INFO [main] org.apache.catalina.startup.VersionLoggerListener.log Command line argument: -Djava.protocol.handler.pkgs=org.apache.catalina.webresources
01-Nov-2017 13:06:40.418 INFO [main] org.apache.catalina.startup.VersionLoggerListener.log Command line argument: -Dcatalina.base=C:\coding\Academy\packages\libraries repo\apache-tomcat-8.5.23
01-Nov-2017 13:06:40.418 INFO [main] org.apache.catalina.startup.VersionLoggerListener.log Command line argument: -Dcatalina.home=C:\coding\Academy\packages\libraries repo\apache-tomcat-8.5.23
01-Nov-2017 13:06:40.418 INFO [main] org.apache.catalina.startup.VersionLoggerListener.log Command line argument: -Djava.io.tmpdir=C:\coding\Academy\packages\libraries repo\apache-tomcat-8.5.23\temp
01-Nov-2017 13:06:40.418 INFO [main] org.apache.catalina.core.AprLifecycleListener.lifecycleEvent Loaded APR based Apache Tomcat Native library [1.2.14] using APR version [1.6.2].
01-Nov-2017 13:06:40.418 INFO [main] org.apache.catalina.core.AprLifecycleListener.lifecycleEvent APR capabilities: IPv6 [true], sendfile [true], accept filters [false], random [true].
01-Nov-2017 13:06:40.418 INFO [main] org.apache.catalina.core.AprLifecycleListener.lifecycleEvent APR/OpenSSL configuration: useAprConnector [false], useOpenSSL [true]
01-Nov-2017 13:06:41.094 INFO [main] org.apache.catalina.core.AprLifecycleListener.initializeSSL OpenSSL successfully initialized [OpenSSL 1.0.2l  25 May 2017]
01-Nov-2017 13:06:41.673 INFO [main] org.apache.coyote.AbstractProtocol.init Initializing ProtocolHandler ["http-nio-8080"]
01-Nov-2017 13:06:41.891 INFO [main] org.apache.tomcat.util.net.NioSelectorPool.getSharedSelector Using a shared selector for servlet write/read
01-Nov-2017 13:06:41.891 INFO [main] org.apache.coyote.AbstractProtocol.init Initializing ProtocolHandler ["ajp-nio-8009"]
01-Nov-2017 13:06:41.891 INFO [main] org.apache.tomcat.util.net.NioSelectorPool.getSharedSelector Using a shared selector for servlet write/read
01-Nov-2017 13:06:41.907 INFO [main] org.apache.catalina.startup.Catalina.load Initialization processed in 1952 ms
01-Nov-2017 13:06:41.938 INFO [main] org.apache.catalina.core.StandardService.startInternal Starting service [Catalina]
01-Nov-2017 13:06:41.954 INFO [main] org.apache.catalina.core.StandardEngine.startInternal Starting Servlet Engine: Apache Tomcat/8.5.23
01-Nov-2017 13:06:41.969 INFO [localhost-startStop-1] org.apache.catalina.startup.HostConfig.deployDirectory Deploying web application directory [C:\coding\Academy\packages\libraries repo\apache-tomcat-8.5.23\webapps\docs]
01-Nov-2017 13:06:42.532 INFO [localhost-startStop-1] org.apache.catalina.startup.HostConfig.deployDirectory Deployment of web application directory [C:\coding\Academy\packages\libraries repo\apache-tomcat-8.5.23\webapps\docs] has finished in [563] ms
01-Nov-2017 13:06:42.532 INFO [localhost-startStop-1] org.apache.catalina.startup.HostConfig.deployDirectory Deploying web application directory [C:\coding\Academy\packages\libraries repo\apache-tomcat-8.5.23\webapps\examples]
01-Nov-2017 13:06:43.048 INFO [localhost-startStop-1] org.apache.catalina.startup.HostConfig.deployDirectory Deployment of web application directory [C:\coding\Academy\packages\libraries repo\apache-tomcat-8.5.23\webapps\examples] has finished in [516] ms
01-Nov-2017 13:06:43.048 INFO [localhost-startStop-1] org.apache.catalina.startup.HostConfig.deployDirectory Deploying web application directory [C:\coding\Academy\packages\libraries repo\apache-tomcat-8.5.23\webapps\host-manager]
01-Nov-2017 13:06:43.095 INFO [localhost-startStop-1] org.apache.catalina.startup.HostConfig.deployDirectory Deployment of web application directory [C:\coding\Academy\packages\libraries repo\apache-tomcat-8.5.23\webapps\host-manager] has finished in [47] ms
01-Nov-2017 13:06:43.095 INFO [localhost-startStop-1] org.apache.catalina.startup.HostConfig.deployDirectory Deploying web application directory [C:\coding\Academy\packages\libraries repo\apache-tomcat-8.5.23\webapps\manager]
01-Nov-2017 13:06:43.126 INFO [localhost-startStop-1] org.apache.catalina.startup.HostConfig.deployDirectory Deployment of web application directory [C:\coding\Academy\packages\libraries repo\apache-tomcat-8.5.23\webapps\manager] has finished in [31] ms
01-Nov-2017 13:06:43.141 INFO [localhost-startStop-1] org.apache.catalina.startup.HostConfig.deployDirectory Deploying web application directory [C:\coding\Academy\packages\libraries repo\apache-tomcat-8.5.23\webapps\ROOT]
01-Nov-2017 13:06:43.157 INFO [localhost-startStop-1] org.apache.catalina.startup.HostConfig.deployDirectory Deployment of web application directory [C:\coding\Academy\packages\libraries repo\apache-tomcat-8.5.23\webapps\ROOT] has finished in [31] ms
01-Nov-2017 13:06:43.173 INFO [main] org.apache.coyote.AbstractProtocol.start Starting ProtocolHandler ["http-nio-8080"]
01-Nov-2017 13:06:43.188 INFO [main] org.apache.coyote.AbstractProtocol.start Starting ProtocolHandler ["ajp-nio-8009"]
01-Nov-2017 13:06:43.188 INFO [main] org.apache.catalina.startup.Catalina.start Server startup in 1286 ms
01-Nov-2017 13:07:01.997 INFO [main] org.apache.catalina.core.StandardServer.await A valid shutdown command was received via the shutdown port. Stopping the Server instance.
01-Nov-2017 13:07:01.997 INFO [main] org.apache.coyote.AbstractProtocol.pause Pausing ProtocolHandler ["http-nio-8080"]
01-Nov-2017 13:07:02.043 INFO [main] org.apache.coyote.AbstractProtocol.pause Pausing ProtocolHandler ["ajp-nio-8009"]
01-Nov-2017 13:07:02.153 INFO [main] org.apache.catalina.core.StandardService.stopInternal Stopping service [Catalina]
01-Nov-2017 13:07:02.184 INFO [main] org.apache.coyote.AbstractProtocol.stop Stopping ProtocolHandler ["http-nio-8080"]
01-Nov-2017 13:07:02.184 INFO [main] org.apache.coyote.AbstractProtocol.stop Stopping ProtocolHandler ["ajp-nio-8009"]
01-Nov-2017 13:07:02.184 INFO [main] org.apache.coyote.AbstractProtocol.destroy Destroying ProtocolHandler ["http-nio-8080"]
01-Nov-2017 13:07:02.184 INFO [main] org.apache.coyote.AbstractProtocol.destroy Destroying ProtocolHandler ["ajp-nio-8009"]
01-Nov-2017 20:35:52.667 INFO [main] org.apache.catalina.startup.VersionLoggerListener.log Server version:        Apache Tomcat/8.5.23
01-Nov-2017 20:35:52.667 INFO [main] org.apache.catalina.startup.VersionLoggerListener.log Server built:          Sep 28 2017 10:30:11 UTC
01-Nov-2017 20:35:52.667 INFO [main] org.apache.catalina.startup.VersionLoggerListener.log Server number:         8.5.23.0
01-Nov-2017 20:35:52.667 INFO [main] org.apache.catalina.startup.VersionLoggerListener.log OS Name:               Windows 10
01-Nov-2017 20:35:52.667 INFO [main] org.apache.catalina.startup.VersionLoggerListener.log OS Version:            10.0
01-Nov-2017 20:35:52.667 INFO [main] org.apache.catalina.startup.VersionLoggerListener.log Architecture:          amd64
01-Nov-2017 20:35:52.667 INFO [main] org.apache.catalina.startup.VersionLoggerListener.log Java Home:             C:\Program Files\Java\jdk1.8.0_144\jre
01-Nov-2017 20:35:52.667 INFO [main] org.apache.catalina.startup.VersionLoggerListener.log JVM Version:           1.8.0_144-b01
01-Nov-2017 20:35:52.667 INFO [main] org.apache.catalina.startup.VersionLoggerListener.log JVM Vendor:            Oracle Corporation
01-Nov-2017 20:35:52.667 INFO [main] org.apache.catalina.startup.VersionLoggerListener.log CATALINA_BASE:         C:\coding\Academy\packages\libraries repo\apache-tomcat-8.5.23
01-Nov-2017 20:35:52.667 INFO [main] org.apache.catalina.startup.VersionLoggerListener.log CATALINA_HOME:         C:\coding\Academy\packages\libraries repo\apache-tomcat-8.5.23
01-Nov-2017 20:35:52.667 INFO [main] org.apache.catalina.startup.VersionLoggerListener.log Command line argument: -Djava.util.logging.config.file=C:\coding\Academy\packages\libraries repo\apache-tomcat-8.5.23\conf\logging.properties
01-Nov-2017 20:35:52.667 INFO [main] org.apache.catalina.startup.VersionLoggerListener.log Command line argument: -Djava.util.logging.manager=org.apache.juli.ClassLoaderLogManager
01-Nov-2017 20:35:52.667 INFO [main] org.apache.catalina.startup.VersionLoggerListener.log Command line argument: -Djdk.tls.ephemeralDHKeySize=2048
01-Nov-2017 20:35:52.667 INFO [main] org.apache.catalina.startup.VersionLoggerListener.log Command line argument: -Djava.protocol.handler.pkgs=org.apache.catalina.webresources
01-Nov-2017 20:35:52.667 INFO [main] org.apache.catalina.startup.VersionLoggerListener.log Command line argument: -Dcatalina.base=C:\coding\Academy\packages\libraries repo\apache-tomcat-8.5.23
01-Nov-2017 20:35:52.667 INFO [main] org.apache.catalina.startup.VersionLoggerListener.log Command line argument: -Dcatalina.home=C:\coding\Academy\packages\libraries repo\apache-tomcat-8.5.23
01-Nov-2017 20:35:52.667 INFO [main] org.apache.catalina.startup.VersionLoggerListener.log Command line argument: -Djava.io.tmpdir=C:\coding\Academy\packages\libraries repo\apache-tomcat-8.5.23\temp
01-Nov-2017 20:35:52.682 INFO [main] org.apache.catalina.core.AprLifecycleListener.lifecycleEvent Loaded APR based Apache Tomcat Native library [1.2.14] using APR version [1.6.2].
01-Nov-2017 20:35:52.682 INFO [main] org.apache.catalina.core.AprLifecycleListener.lifecycleEvent APR capabilities: IPv6 [true], sendfile [true], accept filters [false], random [true].
01-Nov-2017 20:35:52.682 INFO [main] org.apache.catalina.core.AprLifecycleListener.lifecycleEvent APR/OpenSSL configuration: useAprConnector [false], useOpenSSL [true]
01-Nov-2017 20:35:53.385 INFO [main] org.apache.catalina.core.AprLifecycleListener.initializeSSL OpenSSL successfully initialized [OpenSSL 1.0.2l  25 May 2017]
01-Nov-2017 20:35:53.526 INFO [main] org.apache.coyote.AbstractProtocol.init Initializing ProtocolHandler ["http-nio-8080"]
01-Nov-2017 20:35:53.667 INFO [main] org.apache.tomcat.util.net.NioSelectorPool.getSharedSelector Using a shared selector for servlet write/read
01-Nov-2017 20:35:53.667 INFO [main] org.apache.coyote.AbstractProtocol.init Initializing ProtocolHandler ["ajp-nio-8009"]
01-Nov-2017 20:35:53.667 INFO [main] org.apache.tomcat.util.net.NioSelectorPool.getSharedSelector Using a shared selector for servlet write/read
01-Nov-2017 20:35:53.667 INFO [main] org.apache.catalina.startup.Catalina.load Initialization processed in 1457 ms
01-Nov-2017 20:35:53.698 INFO [main] org.apache.catalina.core.StandardService.startInternal Starting service [Catalina]
01-Nov-2017 20:35:53.698 INFO [main] org.apache.catalina.core.StandardEngine.startInternal Starting Servlet Engine: Apache Tomcat/8.5.23
01-Nov-2017 20:35:53.714 INFO [localhost-startStop-1] org.apache.catalina.startup.HostConfig.deployDirectory Deploying web application directory [C:\coding\Academy\packages\libraries repo\apache-tomcat-8.5.23\webapps\docs]
01-Nov-2017 20:35:54.261 INFO [localhost-startStop-1] org.apache.catalina.startup.HostConfig.deployDirectory Deployment of web application directory [C:\coding\Academy\packages\libraries repo\apache-tomcat-8.5.23\webapps\docs] has finished in [547] ms
01-Nov-2017 20:35:54.261 INFO [localhost-startStop-1] org.apache.catalina.startup.HostConfig.deployDirectory Deploying web application directory [C:\coding\Academy\packages\libraries repo\apache-tomcat-8.5.23\webapps\examples]
01-Nov-2017 20:35:54.683 INFO [localhost-startStop-1] org.apache.catalina.startup.HostConfig.deployDirectory Deployment of web application directory [C:\coding\Academy\packages\libraries repo\apache-tomcat-8.5.23\webapps\examples] has finished in [422] ms
01-Nov-2017 20:35:54.683 INFO [localhost-startStop-1] org.apache.catalina.startup.HostConfig.deployDirectory Deploying web application directory [C:\coding\Academy\packages\libraries repo\apache-tomcat-8.5.23\webapps\host-manager]
01-Nov-2017 20:35:54.714 INFO [localhost-startStop-1] org.apache.catalina.startup.HostConfig.deployDirectory Deployment of web application directory [C:\coding\Academy\packages\libraries repo\apache-tomcat-8.5.23\webapps\host-manager] has finished in [31] ms
01-Nov-2017 20:35:54.714 INFO [localhost-startStop-1] org.apache.catalina.startup.HostConfig.deployDirectory Deploying web application directory [C:\coding\Academy\packages\libraries repo\apache-tomcat-8.5.23\webapps\manager]
01-Nov-2017 20:35:54.745 INFO [localhost-startStop-1] org.apache.catalina.startup.HostConfig.deployDirectory Deployment of web application directory [C:\coding\Academy\packages\libraries repo\apache-tomcat-8.5.23\webapps\manager] has finished in [31] ms
01-Nov-2017 20:35:54.745 INFO [localhost-startStop-1] org.apache.catalina.startup.HostConfig.deployDirectory Deploying web application directory [C:\coding\Academy\packages\libraries repo\apache-tomcat-8.5.23\webapps\ROOT]
01-Nov-2017 20:35:54.776 INFO [localhost-startStop-1] org.apache.catalina.startup.HostConfig.deployDirectory Deployment of web application directory [C:\coding\Academy\packages\libraries repo\apache-tomcat-8.5.23\webapps\ROOT] has finished in [31] ms
01-Nov-2017 20:35:54.776 INFO [main] org.apache.coyote.AbstractProtocol.start Starting ProtocolHandler ["http-nio-8080"]
01-Nov-2017 20:35:54.792 INFO [main] org.apache.coyote.AbstractProtocol.start Starting ProtocolHandler ["ajp-nio-8009"]
01-Nov-2017 20:35:54.792 INFO [main] org.apache.catalina.startup.Catalina.start Server startup in 1120 ms
01-Nov-2017 20:36:00.134 INFO [main] org.apache.catalina.core.StandardServer.await A valid shutdown command was received via the shutdown port. Stopping the Server instance.
01-Nov-2017 20:36:00.134 INFO [main] org.apache.coyote.AbstractProtocol.pause Pausing ProtocolHandler ["http-nio-8080"]
01-Nov-2017 20:36:00.244 INFO [main] org.apache.coyote.AbstractProtocol.pause Pausing ProtocolHandler ["ajp-nio-8009"]
01-Nov-2017 20:36:00.338 INFO [main] org.apache.catalina.core.StandardService.stopInternal Stopping service [Catalina]
01-Nov-2017 20:36:00.353 INFO [main] org.apache.coyote.AbstractProtocol.stop Stopping ProtocolHandler ["http-nio-8080"]
01-Nov-2017 20:36:00.353 INFO [main] org.apache.coyote.AbstractProtocol.stop Stopping ProtocolHandler ["ajp-nio-8009"]
01-Nov-2017 20:36:00.369 INFO [main] org.apache.coyote.AbstractProtocol.destroy Destroying ProtocolHandler ["http-nio-8080"]
01-Nov-2017 20:36:00.369 INFO [main] org.apache.coyote.AbstractProtocol.destroy Destroying ProtocolHandler ["ajp-nio-8009"]
